<?xml version="1.0" encoding="UTF-8"?>
<testng-results ignored="0" total="2" passed="2" failed="0" skipped="0">
  <reporter-output>
  </reporter-output>
  <suite started-at="2021-03-02T00:16:01 IST" name="Default Suite" finished-at="2021-03-02T00:16:04 IST" duration-ms="2907">
    <groups>
    </groups>
    <test started-at="2021-03-02T00:16:01 IST" name="RestAPI" finished-at="2021-03-02T00:16:04 IST" duration-ms="2907">
      <class name="encora.tests.RestAssuredBDD">
        <test-method is-config="true" signature="setUp()[pri:0, instance:encora.tests.RestAssuredBDD@5acf93bb]" started-at="2021-03-02T00:16:01 IST" name="setUp" finished-at="2021-03-02T00:16:01 IST" duration-ms="8" status="PASS">
          <reporter-output>
          </reporter-output>
        </test-method> <!-- setUp -->
        <test-method signature="firstTest()[pri:0, instance:encora.tests.RestAssuredBDD@5acf93bb]" started-at="2021-03-02T00:16:01 IST" name="firstTest" finished-at="2021-03-02T00:16:03 IST" duration-ms="2290" status="PASS">
          <reporter-output>
          </reporter-output>
        </test-method> <!-- firstTest -->
        <test-method is-config="true" signature="setUp()[pri:0, instance:encora.tests.RestAssuredBDD@5acf93bb]" started-at="2021-03-02T00:16:03 IST" name="setUp" finished-at="2021-03-02T00:16:03 IST" duration-ms="0" status="PASS">
          <reporter-output>
          </reporter-output>
        </test-method> <!-- setUp -->
        <test-method signature="tempTest()[pri:0, instance:encora.tests.RestAssuredBDD@5acf93bb]" started-at="2021-03-02T00:16:03 IST" name="tempTest" finished-at="2021-03-02T00:16:04 IST" duration-ms="566" status="PASS">
          <reporter-output>
          </reporter-output>
        </test-method> <!-- tempTest -->
      </class> <!-- encora.tests.RestAssuredBDD -->
    </test> <!-- RestAPI -->
  </suite> <!-- Default Suite -->
</testng-results>
